<?xml version="1.0" encoding="UTF-8"?>
<testsuites name="jest tests" tests="4" failures="0" time="0.263">
  <testsuite name="" errors="0" failures="0" skipped="0" timestamp="2023-02-25T07:37:03" time="0.256" tests="4">
    <testcase classname=" Stworzono klasę Fruit" name=" Stworzono klasę Fruit" time="0.001">
    </testcase>
    <testcase classname=" Stworzono klasę Apple" name=" Stworzono klasę Apple" time="0">
    </testcase>
    <testcase classname=" Poprawnie ustawiono parametry Fruit" name=" Poprawnie ustawiono parametry Fruit" time="0">
    </testcase>
    <testcase classname=" Poprawnie ustawiono parametry Apple" name=" Poprawnie ustawiono parametry Apple" time="0.001">
    </testcase>
  </testsuite>
</testsuites>